<?xml version="1.0" encoding="UTF-8"?>
<testng-results ignored="0" total="16" passed="14" failed="2" skipped="0">
  <reporter-output>
    <line>
      <![CDATA[The website used was Demo for this test]]>
    </line>
  </reporter-output>
  <suite started-at="2024-02-20T02:28:53 IST" name="Default suite" finished-at="2024-02-20T02:29:58 IST" duration-ms="65747">
    <groups>
    </groups>
    <test started-at="2024-02-20T02:28:53 IST" name="Default test" finished-at="2024-02-20T02:29:58 IST" duration-ms="65747">
      <class name="Test.PageLocator">
        <test-method signature="pagelocator()[pri:0, instance:Test.PageLocator@201a4587]" started-at="2024-02-20T02:28:53 IST" name="pagelocator" finished-at="2024-02-20T02:28:59 IST" duration-ms="6168" status="PASS">
          <reporter-output>
          </reporter-output>
        </test-method> <!-- pagelocator -->
      </class> <!-- Test.PageLocator -->
      <class name="Test.GoogleTest">
        <test-method signature="googletest()[pri:0, instance:Test.GoogleTest@771a660]" started-at="2024-02-20T02:28:59 IST" name="googletest" finished-at="2024-02-20T02:29:05 IST" duration-ms="5921" status="PASS">
          <reporter-output>
          </reporter-output>
        </test-method> <!-- googletest -->
      </class> <!-- Test.GoogleTest -->
      <class name="Test.XPathLocator">
        <test-method signature="xpathlocator()[pri:0, instance:Test.XPathLocator@2d52216b]" started-at="2024-02-20T02:29:05 IST" name="xpathlocator" finished-at="2024-02-20T02:29:08 IST" duration-ms="3325" status="PASS">
          <reporter-output>
          </reporter-output>
        </test-method> <!-- xpathlocator -->
      </class> <!-- Test.XPathLocator -->
      <class name="Test.FlightBookingTest">
        <test-method signature="Login()[pri:-2, instance:Test.FlightBookingTest@3527942a]" started-at="2024-02-20T02:29:08 IST" name="Login" finished-at="2024-02-20T02:29:08 IST" duration-ms="1" status="PASS">
          <reporter-output>
          </reporter-output>
        </test-method> <!-- Login -->
        <test-method signature="Signup()[pri:0, instance:Test.FlightBookingTest@3527942a]" started-at="2024-02-20T02:29:08 IST" name="Signup" finished-at="2024-02-20T02:29:08 IST" duration-ms="1" status="PASS">
          <reporter-output>
          </reporter-output>
        </test-method> <!-- Signup -->
        <test-method signature="SearchForFlight()[pri:3, instance:Test.FlightBookingTest@3527942a]" started-at="2024-02-20T02:29:08 IST" name="SearchForFlight" finished-at="2024-02-20T02:29:08 IST" duration-ms="1" status="PASS">
          <reporter-output>
          </reporter-output>
        </test-method> <!-- SearchForFlight -->
        <test-method signature="BookTheFlight()[pri:4, instance:Test.FlightBookingTest@3527942a]" started-at="2024-02-20T02:29:08 IST" name="BookTheFlight" finished-at="2024-02-20T02:29:08 IST" duration-ms="1" status="PASS">
          <reporter-output>
          </reporter-output>
        </test-method> <!-- BookTheFlight -->
        <test-method signature="SaveTheTicket()[pri:5, instance:Test.FlightBookingTest@3527942a]" started-at="2024-02-20T02:29:08 IST" name="SaveTheTicket" finished-at="2024-02-20T02:29:08 IST" duration-ms="0" status="PASS">
          <reporter-output>
          </reporter-output>
        </test-method> <!-- SaveTheTicket -->
        <test-method signature="LogOut()[pri:6, instance:Test.FlightBookingTest@3527942a]" started-at="2024-02-20T02:29:08 IST" name="LogOut" finished-at="2024-02-20T02:29:08 IST" duration-ms="0" status="PASS">
          <reporter-output>
          </reporter-output>
        </test-method> <!-- LogOut -->
      </class> <!-- Test.FlightBookingTest -->
      <class name="Test.Annotations">
        <test-method is-config="true" signature="beforeTest()[pri:0, instance:Test.Annotations@d86a6f]" started-at="2024-02-20T02:28:53 IST" name="beforeTest" finished-at="2024-02-20T02:28:53 IST" duration-ms="5" status="PASS">
          <reporter-output>
          </reporter-output>
        </test-method> <!-- beforeTest -->
        <test-method is-config="true" signature="beforeClass()[pri:0, instance:Test.Annotations@d86a6f]" started-at="2024-02-20T02:29:08 IST" name="beforeClass" finished-at="2024-02-20T02:29:08 IST" duration-ms="0" status="PASS">
          <reporter-output>
          </reporter-output>
        </test-method> <!-- beforeClass -->
        <test-method is-config="true" signature="beforeMethod()[pri:0, instance:Test.Annotations@d86a6f]" started-at="2024-02-20T02:29:08 IST" name="beforeMethod" finished-at="2024-02-20T02:29:08 IST" duration-ms="1" status="PASS">
          <reporter-output>
          </reporter-output>
        </test-method> <!-- beforeMethod -->
        <test-method signature="f()[pri:0, instance:Test.Annotations@d86a6f]" started-at="2024-02-20T02:29:08 IST" name="f" finished-at="2024-02-20T02:29:10 IST" duration-ms="2364" status="PASS">
          <reporter-output>
          </reporter-output>
        </test-method> <!-- f -->
        <test-method is-config="true" signature="afterMethod()[pri:0, instance:Test.Annotations@d86a6f]" started-at="2024-02-20T02:29:10 IST" name="afterMethod" finished-at="2024-02-20T02:29:10 IST" duration-ms="1" status="PASS">
          <reporter-output>
          </reporter-output>
        </test-method> <!-- afterMethod -->
        <test-method is-config="true" signature="afterClass()[pri:0, instance:Test.Annotations@d86a6f]" started-at="2024-02-20T02:29:10 IST" name="afterClass" finished-at="2024-02-20T02:29:10 IST" duration-ms="1" status="PASS">
          <reporter-output>
          </reporter-output>
        </test-method> <!-- afterClass -->
        <test-method is-config="true" signature="afterTest()[pri:0, instance:Test.Annotations@d86a6f]" started-at="2024-02-20T02:29:58 IST" name="afterTest" finished-at="2024-02-20T02:29:58 IST" duration-ms="0" status="PASS">
          <reporter-output>
          </reporter-output>
        </test-method> <!-- afterTest -->
        <test-method is-config="true" signature="afterSuite()[pri:0, instance:Test.Annotations@d86a6f]" started-at="2024-02-20T02:29:58 IST" name="afterSuite" finished-at="2024-02-20T02:29:58 IST" duration-ms="0" status="PASS">
          <reporter-output>
          </reporter-output>
        </test-method> <!-- afterSuite -->
      </class> <!-- Test.Annotations -->
      <class name="Test.AssertionExample">
        <test-method signature="EbayTest()[pri:0, instance:Test.AssertionExample@2892d68]" started-at="2024-02-20T02:29:10 IST" name="EbayTest" finished-at="2024-02-20T02:29:21 IST" duration-ms="10901" status="FAIL">
          <exception class="org.openqa.selenium.InvalidSelectorException">
            <message>
              <![CDATA[invalid selector: Unable to locate an element with the xpath expression //*[@id=\"gh-ac\"] because of the following error:
SyntaxError: Failed to execute 'evaluate' on 'Document': The string '//*[@id=\"gh-ac\"]' is not a valid XPath expression.
  (Session info: chrome=121.0.6167.185)
For documentation on this error, please visit: https://www.selenium.dev/documentation/webdriver/troubleshooting/errors#invalid-selector-exception
Build info: version: '4.15.0', revision: '1d14b5521b'
System info: os.name: 'Windows 11', os.arch: 'amd64', os.version: '10.0', java.version: '17.0.9'
Driver info: org.openqa.selenium.chrome.ChromeDriver
Command: [447bf55096d945c87392c0eaa3141259, findElement {using=xpath, value=//*[@id=\"gh-ac\"]}]
Capabilities {acceptInsecureCerts: false, browserName: chrome, browserVersion: 121.0.6167.185, chrome: {chromedriverVersion: 121.0.6167.184 (057a8ae7deb..., userDataDir: C:\Users\mahan\AppData\Loca...}, fedcm:accounts: true, goog:chromeOptions: {debuggerAddress: localhost:65158}, networkConnectionEnabled: false, pageLoadStrategy: normal, platformName: windows, proxy: Proxy(), se:cdp: ws://localhost:65158/devtoo..., se:cdpVersion: 121.0.6167.185, setWindowRect: true, strictFileInteractability: false, timeouts: {implicit: 0, pageLoad: 300000, script: 30000}, unhandledPromptBehavior: dismiss and notify, webauthn:extension:credBlob: true, webauthn:extension:largeBlob: true, webauthn:extension:minPinLength: true, webauthn:extension:prf: true, webauthn:virtualAuthenticators: true}
Session ID: 447bf55096d945c87392c0eaa3141259]]>
            </message>
            <full-stacktrace>
              <![CDATA[org.openqa.selenium.InvalidSelectorException: invalid selector: Unable to locate an element with the xpath expression //*[@id=\"gh-ac\"] because of the following error:
SyntaxError: Failed to execute 'evaluate' on 'Document': The string '//*[@id=\"gh-ac\"]' is not a valid XPath expression.
  (Session info: chrome=121.0.6167.185)
For documentation on this error, please visit: https://www.selenium.dev/documentation/webdriver/troubleshooting/errors#invalid-selector-exception
Build info: version: '4.15.0', revision: '1d14b5521b'
System info: os.name: 'Windows 11', os.arch: 'amd64', os.version: '10.0', java.version: '17.0.9'
Driver info: org.openqa.selenium.chrome.ChromeDriver
Command: [447bf55096d945c87392c0eaa3141259, findElement {using=xpath, value=//*[@id=\"gh-ac\"]}]
Capabilities {acceptInsecureCerts: false, browserName: chrome, browserVersion: 121.0.6167.185, chrome: {chromedriverVersion: 121.0.6167.184 (057a8ae7deb..., userDataDir: C:\Users\mahan\AppData\Loca...}, fedcm:accounts: true, goog:chromeOptions: {debuggerAddress: localhost:65158}, networkConnectionEnabled: false, pageLoadStrategy: normal, platformName: windows, proxy: Proxy(), se:cdp: ws://localhost:65158/devtoo..., se:cdpVersion: 121.0.6167.185, setWindowRect: true, strictFileInteractability: false, timeouts: {implicit: 0, pageLoad: 300000, script: 30000}, unhandledPromptBehavior: dismiss and notify, webauthn:extension:credBlob: true, webauthn:extension:largeBlob: true, webauthn:extension:minPinLength: true, webauthn:extension:prf: true, webauthn:virtualAuthenticators: true}
Session ID: 447bf55096d945c87392c0eaa3141259
at java.base/jdk.internal.reflect.NativeConstructorAccessorImpl.newInstance0(Native Method)
at java.base/jdk.internal.reflect.NativeConstructorAccessorImpl.newInstance(NativeConstructorAccessorImpl.java:77)
at java.base/jdk.internal.reflect.DelegatingConstructorAccessorImpl.newInstance(DelegatingConstructorAccessorImpl.java:45)
at java.base/java.lang.reflect.Constructor.newInstanceWithCaller(Constructor.java:499)
at java.base/java.lang.reflect.Constructor.newInstance(Constructor.java:480)
at org.openqa.selenium.remote.codec.w3c.W3CHttpResponseCodec.createException(W3CHttpResponseCodec.java:200)
at org.openqa.selenium.remote.codec.w3c.W3CHttpResponseCodec.decode(W3CHttpResponseCodec.java:133)
at org.openqa.selenium.remote.codec.w3c.W3CHttpResponseCodec.decode(W3CHttpResponseCodec.java:52)
at org.openqa.selenium.remote.HttpCommandExecutor.execute(HttpCommandExecutor.java:191)
at org.openqa.selenium.remote.service.DriverCommandExecutor.invokeExecute(DriverCommandExecutor.java:200)
at org.openqa.selenium.remote.service.DriverCommandExecutor.execute(DriverCommandExecutor.java:175)
at org.openqa.selenium.remote.RemoteWebDriver.execute(RemoteWebDriver.java:607)
at org.openqa.selenium.remote.ElementLocation$ElementFinder$2.findElement(ElementLocation.java:165)
at org.openqa.selenium.remote.ElementLocation.findElement(ElementLocation.java:59)
at org.openqa.selenium.remote.RemoteWebDriver.findElement(RemoteWebDriver.java:364)
at org.openqa.selenium.remote.RemoteWebDriver.findElement(RemoteWebDriver.java:358)
at Test.AssertionExample.EbayTest(AssertionExample.java:64)
at java.base/jdk.internal.reflect.NativeMethodAccessorImpl.invoke0(Native Method)
at java.base/jdk.internal.reflect.NativeMethodAccessorImpl.invoke(NativeMethodAccessorImpl.java:77)
at java.base/jdk.internal.reflect.DelegatingMethodAccessorImpl.invoke(DelegatingMethodAccessorImpl.java:43)
at java.base/java.lang.reflect.Method.invoke(Method.java:568)
at org.testng.internal.MethodInvocationHelper.invokeMethod(MethodInvocationHelper.java:133)
at org.testng.internal.TestInvoker.invokeMethod(TestInvoker.java:598)
at org.testng.internal.TestInvoker.invokeTestMethod(TestInvoker.java:173)
at org.testng.internal.MethodRunner.runInSequence(MethodRunner.java:46)
at org.testng.internal.TestInvoker$MethodInvocationAgent.invoke(TestInvoker.java:824)
at org.testng.internal.TestInvoker.invokeTestMethods(TestInvoker.java:146)
at org.testng.internal.TestMethodWorker.invokeTestMethods(TestMethodWorker.java:146)
at org.testng.internal.TestMethodWorker.run(TestMethodWorker.java:128)
at java.base/java.util.ArrayList.forEach(ArrayList.java:1511)
at org.testng.TestRunner.privateRun(TestRunner.java:794)
at org.testng.TestRunner.run(TestRunner.java:596)
at org.testng.SuiteRunner.runTest(SuiteRunner.java:377)
at org.testng.SuiteRunner.runSequentially(SuiteRunner.java:371)
at org.testng.SuiteRunner.privateRun(SuiteRunner.java:332)
at org.testng.SuiteRunner.run(SuiteRunner.java:276)
at org.testng.SuiteRunnerWorker.runSuite(SuiteRunnerWorker.java:53)
at org.testng.SuiteRunnerWorker.run(SuiteRunnerWorker.java:96)
at org.testng.TestNG.runSuitesSequentially(TestNG.java:1212)
at org.testng.TestNG.runSuitesLocally(TestNG.java:1134)
at org.testng.TestNG.runSuites(TestNG.java:1063)
at org.testng.TestNG.run(TestNG.java:1031)
at org.testng.remote.AbstractRemoteTestNG.run(AbstractRemoteTestNG.java:115)
at org.testng.remote.RemoteTestNG.initAndRun(RemoteTestNG.java:251)
at org.testng.remote.RemoteTestNG.main(RemoteTestNG.java:77)
]]>
            </full-stacktrace>
          </exception> <!-- org.openqa.selenium.InvalidSelectorException -->
          <reporter-output>
          </reporter-output>
        </test-method> <!-- EbayTest -->
        <test-method signature="testgoogle()[pri:0, instance:Test.AssertionExample@2892d68]" started-at="2024-02-20T02:29:21 IST" name="testgoogle" finished-at="2024-02-20T02:29:31 IST" duration-ms="9712" status="FAIL">
          <exception class="java.lang.AssertionError">
            <message>
              <![CDATA[Title is Mismatched expected [Google.com] but found [TestNG Tutorials - Google Search]]]>
            </message>
            <full-stacktrace>
              <![CDATA[java.lang.AssertionError: Title is Mismatched expected [Google.com] but found [TestNG Tutorials - Google Search]
at org.testng.Assert.fail(Assert.java:99)
at org.testng.Assert.failNotEquals(Assert.java:1037)
at org.testng.Assert.assertEqualsImpl(Assert.java:140)
at org.testng.Assert.assertEquals(Assert.java:122)
at org.testng.Assert.assertEquals(Assert.java:629)
at Test.AssertionExample.testgoogle(AssertionExample.java:35)
at java.base/jdk.internal.reflect.NativeMethodAccessorImpl.invoke0(Native Method)
at java.base/jdk.internal.reflect.NativeMethodAccessorImpl.invoke(NativeMethodAccessorImpl.java:77)
at java.base/jdk.internal.reflect.DelegatingMethodAccessorImpl.invoke(DelegatingMethodAccessorImpl.java:43)
at java.base/java.lang.reflect.Method.invoke(Method.java:568)
at org.testng.internal.MethodInvocationHelper.invokeMethod(MethodInvocationHelper.java:133)
at org.testng.internal.TestInvoker.invokeMethod(TestInvoker.java:598)
at org.testng.internal.TestInvoker.invokeTestMethod(TestInvoker.java:173)
at org.testng.internal.MethodRunner.runInSequence(MethodRunner.java:46)
at org.testng.internal.TestInvoker$MethodInvocationAgent.invoke(TestInvoker.java:824)
at org.testng.internal.TestInvoker.invokeTestMethods(TestInvoker.java:146)
at org.testng.internal.TestMethodWorker.invokeTestMethods(TestMethodWorker.java:146)
at org.testng.internal.TestMethodWorker.run(TestMethodWorker.java:128)
at java.base/java.util.ArrayList.forEach(ArrayList.java:1511)
at org.testng.TestRunner.privateRun(TestRunner.java:794)
at org.testng.TestRunner.run(TestRunner.java:596)
at org.testng.SuiteRunner.runTest(SuiteRunner.java:377)
at org.testng.SuiteRunner.runSequentially(SuiteRunner.java:371)
at org.testng.SuiteRunner.privateRun(SuiteRunner.java:332)
at org.testng.SuiteRunner.run(SuiteRunner.java:276)
at org.testng.SuiteRunnerWorker.runSuite(SuiteRunnerWorker.java:53)
at org.testng.SuiteRunnerWorker.run(SuiteRunnerWorker.java:96)
at org.testng.TestNG.runSuitesSequentially(TestNG.java:1212)
at org.testng.TestNG.runSuitesLocally(TestNG.java:1134)
at org.testng.TestNG.runSuites(TestNG.java:1063)
at org.testng.TestNG.run(TestNG.java:1031)
at org.testng.remote.AbstractRemoteTestNG.run(AbstractRemoteTestNG.java:115)
at org.testng.remote.RemoteTestNG.initAndRun(RemoteTestNG.java:251)
at org.testng.remote.RemoteTestNG.main(RemoteTestNG.java:77)
]]>
            </full-stacktrace>
          </exception> <!-- java.lang.AssertionError -->
          <reporter-output>
            <line>
              <![CDATA[The website used was Demo for this test]]>
            </line>
          </reporter-output>
        </test-method> <!-- testgoogle -->
      </class> <!-- Test.AssertionExample -->
      <class name="Test.GoogleSearchTest">
        <test-method signature="EbayTest()[pri:0, instance:Test.GoogleSearchTest@5ab956d7]" started-at="2024-02-20T02:29:31 IST" name="EbayTest" finished-at="2024-02-20T02:29:42 IST" duration-ms="10890" status="PASS">
          <reporter-output>
          </reporter-output>
        </test-method> <!-- EbayTest -->
        <test-method signature="testgoogle()[pri:0, instance:Test.GoogleSearchTest@5ab956d7]" started-at="2024-02-20T02:29:42 IST" name="testgoogle" finished-at="2024-02-20T02:29:51 IST" duration-ms="8645" status="PASS">
          <reporter-output>
          </reporter-output>
        </test-method> <!-- testgoogle -->
      </class> <!-- Test.GoogleSearchTest -->
      <class name="Test.FirstTest">
        <test-method signature="FirstTestCase()[pri:0, instance:Test.FirstTest@3646a422]" started-at="2024-02-20T02:29:51 IST" name="FirstTestCase" finished-at="2024-02-20T02:29:54 IST" duration-ms="3299" status="PASS">
          <reporter-output>
          </reporter-output>
        </test-method> <!-- FirstTestCase -->
      </class> <!-- Test.FirstTest -->
      <class name="Test.CSSLocator">
        <test-method signature="csslocator()[pri:0, instance:Test.CSSLocator@750e2b97]" started-at="2024-02-20T02:29:54 IST" name="csslocator" finished-at="2024-02-20T02:29:58 IST" duration-ms="4450" status="PASS">
          <reporter-output>
          </reporter-output>
        </test-method> <!-- csslocator -->
      </class> <!-- Test.CSSLocator -->
    </test> <!-- Default test -->
  </suite> <!-- Default suite -->
</testng-results>
